Arguments: 
  E:\Program Files\nodejs\node.exe E:\Program Files\nodejs\node_modules\yarn\bin\yarn.js add cors

PATH: 
  C:\Users\elton\bin;C:\Program Files\Git\mingw64\bin;C:\Program Files\Git\usr\local\bin;C:\Program Files\Git\usr\bin;C:\Program Files\Git\usr\bin;C:\Program Files\Git\mingw64\bin;C:\Program Files\Git\usr\bin;C:\Users\elton\bin;C:\Program Files (x86)\Common Files\Oracle\Java\javapath;C:\Windows\system32;C:\Windows;C:\Windows\System32\Wbem;C:\Windows\System32\WindowsPowerShell\v1.0;C:\Windows\System32\OpenSSH;C:\Program Files (x86)\Intel\Intel(R) Management Engine Components\DAL;C:\Program Files\Intel\Intel(R) Management Engine Components\DAL;C:\Program Files (x86)\NVIDIA Corporation\PhysX\Common;C:\Program Files\NVIDIA Corporation\NVIDIA NvDLISR;C:\ProgramData\chocolatey\bin;C:\Program Files\Java\jdk1.8.0_251\bin;C:\WINDOWS\system32;C:\WINDOWS;C:\WINDOWS\System32\Wbem;C:\WINDOWS\System32\WindowsPowerShell\v1.0;C:\WINDOWS\System32\OpenSSH;E:\Program Files (x86)\scala\bin;C:\Program Files (x86)\scala\bin;C:\Program Files (x86)\sbt\bin;C:\Program Files\Git\cmd;E:\Users\elton\AppData\Roaming\nvm;E:\Program Files\nodejs;C:\Users\elton\AppData\Local\Microsoft\WindowsApps;E:\Users\elton\AppData\Local\Programs\Microsoft VS Code\bin;E:\Users\elton\AppData\Roaming\nvm;E:\Program Files\nodejs;C:\Program Files\Git\usr\bin\vendor_perl;C:\Program Files\Git\usr\bin\core_perl

Yarn version: 
  1.22.10

Node version: 
  14.16.1

Platform: 
  win32 x64

Trace: 
  Error: EPERM: operation not permitted, unlink 'E:\dev\beneficiarios\backend\node_modules\sqlite3\lib\binding\napi-v3-win32-x64\node_sqlite3.node'

npm manifest: 
  {
    "name": "backend",
    "version": "1.0.0",
    "description": "Backend - Cadastro de Beneficiários | Yube",
    "main": "src/server.js",
    "scripts": {
      "test": "echo \"Error: no test specified\" && exit 1",
      "start": "node src/server.js",
      "dev": "nodemon .",
      "init-db": "node src/db/init.js"
    },
    "repository": {
      "type": "git",
      "url": "git+https://github.com/eltonsantos/beneficiarios.git"
    },
    "keywords": [],
    "author": "Elton Santos",
    "license": "ISC",
    "bugs": {
      "url": "https://github.com/eltonsantos/beneficiarios/issues"
    },
    "homepage": "https://github.com/eltonsantos/beneficiarios#readme",
    "devDependencies": {
      "nodemon": "^2.0.7"
    },
    "dependencies": {
      "express": "^4.17.1",
      "sqlite": "^4.0.23",
      "sqlite3": "^5.0.2"
    }
  }

yarn manifest: 
  No manifest

Lockfile: 
  No lockfile
